1619354221163:help
1619354224685:l
1619354303343:help
1619354306168:g-l
1619354308864:l dsf
1619354311079:g-l
1619354559810:help
1619354565631:g-l
1619354577128:help
1619354582039:l Denis
1619354584311:g-l
1619354588048:run-test
1619354827359:clear
1619354830807:history
1619354834247:help
1619354845168:run_test
1619354852743:run-test
1619355682954:l Denis
1619355686520:run-test
1619355714530:l Denis
1619355716703:run-test
1619355727466:l Denis
1619355731527:run-etst
1619355734127:run-test
1619543595192:з
1619543597076:help
1619543601137:run-test
1619543604637:l Denis
1619543608369:run-test
1619720620107:help
1619720622008:r
1619720740134:help
1619720754368:r
1619720761706:l Denis
1619720801157:r
1619720804922:l Denis
1619720907290:r
1619720910235:l Denis
1619720935259:stacktrace
1619780352398:help
1619780355501:f
1619780427583:l Denis
1619780430475:r
1619780434829:stacktrace
1619780562347:l Denis\\\n1
1619780578460:r
1619780743914:д Вутшы
1619780745820:l Denis
1619780746927:r
1619780755828:stacttrace
1619780759725:stacktrace
1619780766812:r
1619780769669:ctacktarce
1619780771004:r
1619780774580:stacktrace
1619780930846:ls df
1619780932668:l sdf
1619780933908:test
1619781038615:l Denis
1619781041701:test2
1619781170818:r
1619781177284:p
1619781180732:help
1619781291255:l Denis
1619781292364:r
1619781325700:f
1619781328364:r
